Using pre-set license
Built from '2020.3/staging' branch; Version is '2020.3.11f1 (99c7afb366b3) revision 10078127'; Using compiler version '192528614'; Build Type 'Release'
OS: 'Windows 10 Pro; OS build 19042.1052; Version 2009; 64bit' Language: 'ru' Physical Memory: 16303 MB
BatchMode: 1, IsHumanControllingUs: 0, StartBugReporterOnCrash: 0, Is64bit: 1, IsPro: 0

 COMMAND LINE ARGUMENTS:
C:\Program Files\Unity\Hub\Editor\2020.3.11f1\Editor\Unity.exe
-adb2
-batchMode
-noUpm
-name
AssetImportWorker0
-projectPath
D:/Docs/Git/Programming-Theory-Repo/Programming Theory Project
-logFile
Logs/AssetImportWorker0.log
-srvPort
52825
Successfully changed project path to: D:/Docs/Git/Programming-Theory-Repo/Programming Theory Project
D:/Docs/Git/Programming-Theory-Repo/Programming Theory Project
Using Asset Import Pipeline V2.
Refreshing native plugins compatible for Editor in 25.22 ms, found 2 plugins.
Preloading 0 native plugins for Editor in 0.00 ms.
Initialize engine version: 2020.3.11f1 (99c7afb366b3)
[Subsystems] Discovering subsystems at path C:/Program Files/Unity/Hub/Editor/2020.3.11f1/Editor/Data/Resources/UnitySubsystems
[Subsystems] Discovering subsystems at path D:/Docs/Git/Programming-Theory-Repo/Programming Theory Project/Assets
GfxDevice: creating device client; threaded=0
Direct3D:
    Version:  Direct3D 11.0 [level 11.1]
    Renderer: NVIDIA GeForce GTX 1660 (ID=0x2184)
    Vendor:   
    VRAM:     5991 MB
    Driver:   30.0.14.7111
Initialize mono
Mono path[0] = 'C:/Program Files/Unity/Hub/Editor/2020.3.11f1/Editor/Data/Managed'
Mono path[1] = 'C:/Program Files/Unity/Hub/Editor/2020.3.11f1/Editor/Data/MonoBleedingEdge/lib/mono/unityjit'
Mono config path = 'C:/Program Files/Unity/Hub/Editor/2020.3.11f1/Editor/Data/MonoBleedingEdge/etc'
Using monoOptions --debugger-agent=transport=dt_socket,embedding=1,server=y,suspend=n,address=127.0.0.1:56120
Begin MonoManager ReloadAssembly
Registering precompiled unity dll's ...
Register platform support module: C:/Program Files/Unity/Hub/Editor/2020.3.11f1/Editor/Data/PlaybackEngines/WebGLSupport/UnityEditor.WebGL.Extensions.dll
Register platform support module: C:/Program Files/Unity/Hub/Editor/2020.3.11f1/Editor/Data/PlaybackEngines/WindowsStandaloneSupport/UnityEditor.WindowsStandalone.Extensions.dll
Registered in 0.002364 seconds.
Native extension for WindowsStandalone target not found
Native extension for WebGL target not found
Refreshing native plugins compatible for Editor in 24.47 ms, found 2 plugins.
Preloading 0 native plugins for Editor in 0.00 ms.
Mono: successfully reloaded assembly
- Completed reload, in  1.190 seconds
Platform modules already initialized, skipping
Registering precompiled user dll's ...
Registered in 0.002650 seconds.
Begin MonoManager ReloadAssembly
Native extension for WindowsStandalone target not found
Native extension for WebGL target not found
Refreshing native plugins compatible for Editor in 0.33 ms, found 2 plugins.
Preloading 0 native plugins for Editor in 0.00 ms.
Mono: successfully reloaded assembly
- Completed reload, in  0.934 seconds
Platform modules already initialized, skipping
========================================================================
Worker process is ready to serve import requests
Launched and connected shader compiler UnityShaderCompiler.exe after 0.04 seconds
Refreshing native plugins compatible for Editor in 0.29 ms, found 2 plugins.
Preloading 0 native plugins for Editor in 0.00 ms.
Unloading 1386 Unused Serialized files (Serialized files now loaded: 0)
System memory in use before: 64.7 MB.
System memory in use after: 64.7 MB.

Unloading 19 unused Assets to reduce memory usage. Loaded Objects now: 1819.
Total: 1.627900 ms (FindLiveObjects: 0.131900 ms CreateObjectMapping: 0.039700 ms MarkObjects: 1.384900 ms  DeleteObjects: 0.070500 ms)

========================================================================
Received Import Request.
  path: Assets/Scenes
  artifactKey: Guid(5414e433ba492b54484b52a06f12b828) Importer(815301076,1909f56bfc062723c751e8b465ee728b)
Start importing Assets/Scenes using Guid(5414e433ba492b54484b52a06f12b828) Importer(815301076,1909f56bfc062723c751e8b465ee728b)  -> (artifact id: 'dc0e88b5127e07c44f850bf945c08e92') in 0.007379 seconds
  Import took 0.009374 seconds .

========================================================================
Received Import Request.
  Time since last request: 1.666687 seconds.
  path: Assets/Scenes
  artifactKey: Guid(5414e433ba492b54484b52a06f12b828) Importer(815301076,1909f56bfc062723c751e8b465ee728b)
Start importing Assets/Scenes using Guid(5414e433ba492b54484b52a06f12b828) Importer(815301076,1909f56bfc062723c751e8b465ee728b)  -> (artifact id: 'dc0e88b5127e07c44f850bf945c08e92') in 0.029084 seconds
  Import took 0.031218 seconds .

========================================================================
Received Import Request.
  Time since last request: 4.464124 seconds.
  path: Assets/Scenes/Menu.unity
  artifactKey: Guid(e771a6c081476864ebb6ddb26dec5b30) Importer(815301076,1909f56bfc062723c751e8b465ee728b)
Start importing Assets/Scenes/Menu.unity using Guid(e771a6c081476864ebb6ddb26dec5b30) Importer(815301076,1909f56bfc062723c751e8b465ee728b)  -> (artifact id: 'd921791dc6da9c17403a66c4fc0daf8a') in 0.013147 seconds
  Import took 0.021744 seconds .

========================================================================
Received Import Request.
  Time since last request: 19.252282 seconds.
  path: Assets/Scenes/Main.unity
  artifactKey: Guid(0b4fd75c5c14eab4fa55d2a16da471fb) Importer(815301076,1909f56bfc062723c751e8b465ee728b)
Start importing Assets/Scenes/Main.unity using Guid(0b4fd75c5c14eab4fa55d2a16da471fb) Importer(815301076,1909f56bfc062723c751e8b465ee728b)  -> (artifact id: 'b20a914fdaf618c76e9109de288c8ee1') in 0.005759 seconds
  Import took 0.007991 seconds .

========================================================================
Received Import Request.
  Time since last request: 3.516439 seconds.
  path: Assets/Scenes/SampleScene.unity
  artifactKey: Guid(9fc0d4010bbf28b4594072e72b8655ab) Importer(815301076,1909f56bfc062723c751e8b465ee728b)
Start importing Assets/Scenes/SampleScene.unity using Guid(9fc0d4010bbf28b4594072e72b8655ab) Importer(815301076,1909f56bfc062723c751e8b465ee728b)  -> (artifact id: '85059f4f9e1a832ed95adaa0d25c5c4c') in 0.029465 seconds
  Import took 0.059094 seconds .

========================================================================
Received Import Request.
  Time since last request: 127.284153 seconds.
  path: Assets
  artifactKey: Guid(00000000000000001000000000000000) Importer(815301076,1909f56bfc062723c751e8b465ee728b)
Start importing Assets using Guid(00000000000000001000000000000000) Importer(815301076,1909f56bfc062723c751e8b465ee728b)  -> (artifact id: '42d402b061de3733987d63b9cc3b64de') in 0.006925 seconds
  Import took 0.009328 seconds .

========================================================================
Received Import Request.
  Time since last request: 7.582794 seconds.
  path: Assets/Scripts
  artifactKey: Guid(b561bca699553064c86a55829f284f85) Importer(815301076,1909f56bfc062723c751e8b465ee728b)
Start importing Assets/Scripts using Guid(b561bca699553064c86a55829f284f85) Importer(815301076,1909f56bfc062723c751e8b465ee728b)  -> (artifact id: 'a475ebb0b558a092a3097241feffabbc') in 0.005337 seconds
  Import took 0.007509 seconds .

========================================================================
Received Import Request.
  Time since last request: 14.261298 seconds.
  path: Assets/Scripts/MenuUIHandler.cs
  artifactKey: Guid(8f576d25ea33c4a4c971ad80a646e8fe) Importer(815301076,1909f56bfc062723c751e8b465ee728b)
Start importing Assets/Scripts/MenuUIHandler.cs using Guid(8f576d25ea33c4a4c971ad80a646e8fe) Importer(815301076,1909f56bfc062723c751e8b465ee728b)  -> (artifact id: '5db591e969760b15c8feca1c1aefc17a') in 0.036046 seconds
  Import took 0.038058 seconds .

========================================================================
Received Prepare
Registering precompiled user dll's ...
Registered in 0.002470 seconds.
Begin MonoManager ReloadAssembly
Native extension for WindowsStandalone target not found
Native extension for WebGL target not found
Refreshing native plugins compatible for Editor in 0.28 ms, found 2 plugins.
Preloading 0 native plugins for Editor in 0.00 ms.
Mono: successfully reloaded assembly
- Completed reload, in  0.923 seconds
Platform modules already initialized, skipping
Refreshing native plugins compatible for Editor in 0.30 ms, found 2 plugins.
Preloading 0 native plugins for Editor in 0.00 ms.
Unloading 1382 Unused Serialized files (Serialized files now loaded: 0)
System memory in use before: 64.6 MB.
System memory in use after: 64.7 MB.

Unloading 14 unused Assets to reduce memory usage. Loaded Objects now: 1823.
Total: 1.697500 ms (FindLiveObjects: 0.128800 ms CreateObjectMapping: 0.040200 ms MarkObjects: 1.442100 ms  DeleteObjects: 0.085400 ms)

========================================================================
Received Prepare
Registering precompiled user dll's ...
Registered in 0.002489 seconds.
Begin MonoManager ReloadAssembly
Native extension for WindowsStandalone target not found
Native extension for WebGL target not found
Refreshing native plugins compatible for Editor in 0.35 ms, found 2 plugins.
Preloading 0 native plugins for Editor in 0.00 ms.
Mono: successfully reloaded assembly
- Completed reload, in  0.893 seconds
Platform modules already initialized, skipping
Refreshing native plugins compatible for Editor in 0.28 ms, found 2 plugins.
Preloading 0 native plugins for Editor in 0.00 ms.
Unloading 1395 Unused Serialized files (Serialized files now loaded: 0)
System memory in use before: 66.7 MB.
System memory in use after: 66.1 MB.

Unloading 27 unused Assets to reduce memory usage. Loaded Objects now: 1826.
Total: 2.083900 ms (FindLiveObjects: 0.143200 ms CreateObjectMapping: 0.043500 ms MarkObjects: 1.612500 ms  DeleteObjects: 0.283700 ms)

========================================================================
Received Prepare
Registering precompiled user dll's ...
Registered in 0.002460 seconds.
Begin MonoManager ReloadAssembly
Native extension for WindowsStandalone target not found
Native extension for WebGL target not found
Refreshing native plugins compatible for Editor in 0.29 ms, found 2 plugins.
Preloading 0 native plugins for Editor in 0.00 ms.
Mono: successfully reloaded assembly
- Completed reload, in  0.886 seconds
Platform modules already initialized, skipping
Refreshing native plugins compatible for Editor in 0.30 ms, found 2 plugins.
Preloading 0 native plugins for Editor in 0.00 ms.
Unloading 1395 Unused Serialized files (Serialized files now loaded: 0)
System memory in use before: 66.7 MB.
System memory in use after: 66.1 MB.

Unloading 27 unused Assets to reduce memory usage. Loaded Objects now: 1829.
Total: 1.868500 ms (FindLiveObjects: 0.127100 ms CreateObjectMapping: 0.040300 ms MarkObjects: 1.406600 ms  DeleteObjects: 0.293800 ms)

========================================================================
Received Import Request.
  Time since last request: 1449.041800 seconds.
  path: Assets/Scripts/GameManager.cs
  artifactKey: Guid(20099ea62f72d19459ca3436a193d8fe) Importer(815301076,1909f56bfc062723c751e8b465ee728b)
Start importing Assets/Scripts/GameManager.cs using Guid(20099ea62f72d19459ca3436a193d8fe) Importer(815301076,1909f56bfc062723c751e8b465ee728b)  -> (artifact id: 'b5abb0bc856b394320d43c626650c324') in 0.009945 seconds
  Import took 0.012538 seconds .

========================================================================
Received Prepare
Registering precompiled user dll's ...
Registered in 0.002689 seconds.
Begin MonoManager ReloadAssembly
Native extension for WindowsStandalone target not found
Native extension for WebGL target not found
Refreshing native plugins compatible for Editor in 0.28 ms, found 2 plugins.
Preloading 0 native plugins for Editor in 0.00 ms.
Mono: successfully reloaded assembly
- Completed reload, in  0.941 seconds
Platform modules already initialized, skipping
Refreshing native plugins compatible for Editor in 0.28 ms, found 2 plugins.
Preloading 0 native plugins for Editor in 0.00 ms.
Unloading 1396 Unused Serialized files (Serialized files now loaded: 0)
System memory in use before: 66.7 MB.
System memory in use after: 66.1 MB.

Unloading 27 unused Assets to reduce memory usage. Loaded Objects now: 1833.
Total: 2.083700 ms (FindLiveObjects: 0.127400 ms CreateObjectMapping: 0.039900 ms MarkObjects: 1.599800 ms  DeleteObjects: 0.315500 ms)

========================================================================
Received Import Request.
  Time since last request: 252.836310 seconds.
  path: Assets/Asset Store
  artifactKey: Guid(8fb764954500d154b85b234e244e67c9) Importer(815301076,1909f56bfc062723c751e8b465ee728b)
Start importing Assets/Asset Store using Guid(8fb764954500d154b85b234e244e67c9) Importer(815301076,1909f56bfc062723c751e8b465ee728b)  -> (artifact id: 'e304c867e684d3d9d4ac547c1fd1b308') in 0.012400 seconds
  Import took 0.015511 seconds .

========================================================================
Received Import Request.
  Time since last request: 0.022173 seconds.
  path: Assets/8Bit Music Album - 051321
  artifactKey: Guid(7b7780e5aa5486b41ae1a810090a786e) Importer(815301076,1909f56bfc062723c751e8b465ee728b)
Start importing Assets/8Bit Music Album - 051321 using Guid(7b7780e5aa5486b41ae1a810090a786e) Importer(815301076,1909f56bfc062723c751e8b465ee728b)  -> (artifact id: 'edca636d11f4fa20a61822e34c750d95') in 0.005798 seconds
  Import took 0.007832 seconds .

========================================================================
Received Prepare
Registering precompiled user dll's ...
Registered in 0.002508 seconds.
Begin MonoManager ReloadAssembly
Native extension for WindowsStandalone target not found
Native extension for WebGL target not found
Refreshing native plugins compatible for Editor in 0.30 ms, found 2 plugins.
Preloading 0 native plugins for Editor in 0.00 ms.
Mono: successfully reloaded assembly
- Completed reload, in  0.871 seconds
Platform modules already initialized, skipping
Refreshing native plugins compatible for Editor in 0.31 ms, found 2 plugins.
Preloading 0 native plugins for Editor in 0.00 ms.
Unloading 1396 Unused Serialized files (Serialized files now loaded: 0)
System memory in use before: 66.7 MB.
System memory in use after: 66.1 MB.

Unloading 27 unused Assets to reduce memory usage. Loaded Objects now: 1836.
Total: 2.217700 ms (FindLiveObjects: 0.140100 ms CreateObjectMapping: 0.042500 ms MarkObjects: 1.689900 ms  DeleteObjects: 0.344200 ms)

========================================================================
Received Prepare
Registering precompiled user dll's ...
Registered in 0.002611 seconds.
Begin MonoManager ReloadAssembly
Native extension for WindowsStandalone target not found
Native extension for WebGL target not found
Refreshing native plugins compatible for Editor in 0.29 ms, found 2 plugins.
Preloading 0 native plugins for Editor in 0.00 ms.
Mono: successfully reloaded assembly
- Completed reload, in  0.885 seconds
Platform modules already initialized, skipping
Refreshing native plugins compatible for Editor in 0.29 ms, found 2 plugins.
Preloading 0 native plugins for Editor in 0.00 ms.
Unloading 1396 Unused Serialized files (Serialized files now loaded: 0)
System memory in use before: 66.7 MB.
System memory in use after: 66.1 MB.

Unloading 27 unused Assets to reduce memory usage. Loaded Objects now: 1839.
Total: 2.199500 ms (FindLiveObjects: 0.137800 ms CreateObjectMapping: 0.041400 ms MarkObjects: 1.702200 ms  DeleteObjects: 0.316900 ms)

========================================================================
Received Import Request.
  Time since last request: 830.914484 seconds.
  path: Assets/Scripts/GameManager.cs
  artifactKey: Guid(20099ea62f72d19459ca3436a193d8fe) Importer(815301076,1909f56bfc062723c751e8b465ee728b)
Start importing Assets/Scripts/GameManager.cs using Guid(20099ea62f72d19459ca3436a193d8fe) Importer(815301076,1909f56bfc062723c751e8b465ee728b)  -> (artifact id: '3b1126f66ab66f06e92a658f53a99a3d') in 0.003363 seconds
  Import took 0.005391 seconds .

========================================================================
Received Prepare
Registering precompiled user dll's ...
Registered in 0.002664 seconds.
Begin MonoManager ReloadAssembly
Native extension for WindowsStandalone target not found
Native extension for WebGL target not found
Refreshing native plugins compatible for Editor in 0.30 ms, found 2 plugins.
Preloading 0 native plugins for Editor in 0.00 ms.
Mono: successfully reloaded assembly
- Completed reload, in  0.866 seconds
Platform modules already initialized, skipping
Refreshing native plugins compatible for Editor in 0.28 ms, found 2 plugins.
Preloading 0 native plugins for Editor in 0.00 ms.
Unloading 1396 Unused Serialized files (Serialized files now loaded: 0)
System memory in use before: 66.7 MB.
System memory in use after: 66.2 MB.

Unloading 27 unused Assets to reduce memory usage. Loaded Objects now: 1842.
Total: 2.064800 ms (FindLiveObjects: 0.130700 ms CreateObjectMapping: 0.043300 ms MarkObjects: 1.580500 ms  DeleteObjects: 0.309300 ms)

========================================================================
Received Import Request.
  Time since last request: 1314.317042 seconds.
  path: Assets/Asset Store/StarfieldMaterials/Textures/Plain Starfields/PlainStarfield_01.png
  artifactKey: Guid(a63e1f65418ac804b89b705260d13a16) Importer(815301076,1909f56bfc062723c751e8b465ee728b)
Start importing Assets/Asset Store/StarfieldMaterials/Textures/Plain Starfields/PlainStarfield_01.png using Guid(a63e1f65418ac804b89b705260d13a16) Importer(815301076,1909f56bfc062723c751e8b465ee728b)  -> (artifact id: '0551ebd0ecdb04867d0f58ce5ee3e087') in 0.062306 seconds
  Import took 0.064791 seconds .

========================================================================
Received Import Request.
  Time since last request: 0.000729 seconds.
  path: Assets/Asset Store/StarfieldMaterials/Textures/Plain Starfields/PlainStarfield_01.png
  artifactKey: Guid(a63e1f65418ac804b89b705260d13a16) Importer(815301076,1909f56bfc062723c751e8b465ee728b)
Start importing Assets/Asset Store/StarfieldMaterials/Textures/Plain Starfields/PlainStarfield_01.png using Guid(a63e1f65418ac804b89b705260d13a16) Importer(815301076,1909f56bfc062723c751e8b465ee728b)  -> (artifact id: '0551ebd0ecdb04867d0f58ce5ee3e087') in 0.014364 seconds
  Import took 0.016380 seconds .

========================================================================
Received Import Request.
  Time since last request: 4.412238 seconds.
  path: Assets/Asset Store/StarfieldMaterials/Textures/Plain Starfields/PlainStarfield_02.png
  artifactKey: Guid(d2c0af12fa3f7c5439d9ac9177aa6a9f) Importer(815301076,1909f56bfc062723c751e8b465ee728b)
Start importing Assets/Asset Store/StarfieldMaterials/Textures/Plain Starfields/PlainStarfield_02.png using Guid(d2c0af12fa3f7c5439d9ac9177aa6a9f) Importer(815301076,1909f56bfc062723c751e8b465ee728b)  -> (artifact id: '83ea5ad09a169e73f4a25fa95ea1af9b') in 0.012895 seconds
  Import took 0.015178 seconds .

========================================================================
Received Import Request.
  Time since last request: 1.074615 seconds.
  path: Assets/Asset Store/StarfieldMaterials/Textures/Plain Starfields/PlainStarfield_03.png
  artifactKey: Guid(fcc746ac4fb800f41a7c1dd4bc0005ee) Importer(815301076,1909f56bfc062723c751e8b465ee728b)
Start importing Assets/Asset Store/StarfieldMaterials/Textures/Plain Starfields/PlainStarfield_03.png using Guid(fcc746ac4fb800f41a7c1dd4bc0005ee) Importer(815301076,1909f56bfc062723c751e8b465ee728b)  -> (artifact id: '25cc5231b7ef77a065a1bc0ecc8d7259') in 0.012649 seconds
  Import took 0.014761 seconds .

========================================================================
Received Import Request.
  Time since last request: 0.597245 seconds.
  path: Assets/Asset Store/StarfieldMaterials/Textures/Plain Starfields/PlainStarfield_04.png
  artifactKey: Guid(3967a03b335a71a42ac2f18c85e10d36) Importer(815301076,1909f56bfc062723c751e8b465ee728b)
Start importing Assets/Asset Store/StarfieldMaterials/Textures/Plain Starfields/PlainStarfield_04.png using Guid(3967a03b335a71a42ac2f18c85e10d36) Importer(815301076,1909f56bfc062723c751e8b465ee728b)  -> (artifact id: 'e9f4a46d63e3a4a09139bda72ea1aa62') in 0.015069 seconds
  Import took 0.017197 seconds .

========================================================================
Received Import Request.
  Time since last request: 0.001609 seconds.
  path: Assets/Asset Store/StarfieldMaterials/Textures/Plain Starfields/PlainStarfield_04.png
  artifactKey: Guid(3967a03b335a71a42ac2f18c85e10d36) Importer(815301076,1909f56bfc062723c751e8b465ee728b)
Start importing Assets/Asset Store/StarfieldMaterials/Textures/Plain Starfields/PlainStarfield_04.png using Guid(3967a03b335a71a42ac2f18c85e10d36) Importer(815301076,1909f56bfc062723c751e8b465ee728b)  -> (artifact id: 'e9f4a46d63e3a4a09139bda72ea1aa62') in 0.011638 seconds
  Import took 0.013770 seconds .

========================================================================
Received Import Request.
  Time since last request: 2.367388 seconds.
  path: Assets/Asset Store/StarfieldMaterials/Textures/SingleNeb/SingleNeb_01.png
  artifactKey: Guid(940d2fb1699e983498a0d934bd5ed7f1) Importer(815301076,1909f56bfc062723c751e8b465ee728b)
Start importing Assets/Asset Store/StarfieldMaterials/Textures/SingleNeb/SingleNeb_01.png using Guid(940d2fb1699e983498a0d934bd5ed7f1) Importer(815301076,1909f56bfc062723c751e8b465ee728b)  -> (artifact id: 'bc492f84737d97d62f07c318764b9453') in 0.013880 seconds
  Import took 0.016184 seconds .

========================================================================
Received Import Request.
  Time since last request: 0.001734 seconds.
  path: Assets/Asset Store/StarfieldMaterials/Textures/SingleNeb/SingleNeb_01.png
  artifactKey: Guid(940d2fb1699e983498a0d934bd5ed7f1) Importer(815301076,1909f56bfc062723c751e8b465ee728b)
Start importing Assets/Asset Store/StarfieldMaterials/Textures/SingleNeb/SingleNeb_01.png using Guid(940d2fb1699e983498a0d934bd5ed7f1) Importer(815301076,1909f56bfc062723c751e8b465ee728b)  -> (artifact id: 'bc492f84737d97d62f07c318764b9453') in 0.014065 seconds
  Import took 0.016383 seconds .

========================================================================
Received Import Request.
  Time since last request: 0.632560 seconds.
  path: Assets/Asset Store/StarfieldMaterials/Textures/SingleNeb/SingleNeb_04.png
  artifactKey: Guid(d9a44efbb7762a94695e1a651bff8940) Importer(815301076,1909f56bfc062723c751e8b465ee728b)
Start importing Assets/Asset Store/StarfieldMaterials/Textures/SingleNeb/SingleNeb_04.png using Guid(d9a44efbb7762a94695e1a651bff8940) Importer(815301076,1909f56bfc062723c751e8b465ee728b)  -> (artifact id: '6cad225be145058ab179f527962db60a') in 0.013097 seconds
  Import took 0.015224 seconds .

========================================================================
Received Import Request.
  Time since last request: 0.000899 seconds.
  path: Assets/Asset Store/StarfieldMaterials/Textures/SingleNeb/SingleNeb_04.png
  artifactKey: Guid(d9a44efbb7762a94695e1a651bff8940) Importer(815301076,1909f56bfc062723c751e8b465ee728b)
Start importing Assets/Asset Store/StarfieldMaterials/Textures/SingleNeb/SingleNeb_04.png using Guid(d9a44efbb7762a94695e1a651bff8940) Importer(815301076,1909f56bfc062723c751e8b465ee728b)  -> (artifact id: '6cad225be145058ab179f527962db60a') in 0.015136 seconds
  Import took 0.017351 seconds .

========================================================================
Received Import Request.
  Time since last request: 0.631080 seconds.
  path: Assets/Asset Store/StarfieldMaterials/Textures/SingleNeb/SingleNeb_07.png
  artifactKey: Guid(234956b9f0f6d3342949e325b64b22db) Importer(815301076,1909f56bfc062723c751e8b465ee728b)
Start importing Assets/Asset Store/StarfieldMaterials/Textures/SingleNeb/SingleNeb_07.png using Guid(234956b9f0f6d3342949e325b64b22db) Importer(815301076,1909f56bfc062723c751e8b465ee728b)  -> (artifact id: '70b4be03b9b28154344aea52895f374c') in 0.011658 seconds
  Import took 0.013704 seconds .

========================================================================
Received Import Request.
  Time since last request: 1.165028 seconds.
  path: Assets/Asset Store/StarfieldMaterials/Textures/SingleNeb/SingleNeb_08.png
  artifactKey: Guid(4c1e43d371432ae4987708c889515593) Importer(815301076,1909f56bfc062723c751e8b465ee728b)
Start importing Assets/Asset Store/StarfieldMaterials/Textures/SingleNeb/SingleNeb_08.png using Guid(4c1e43d371432ae4987708c889515593) Importer(815301076,1909f56bfc062723c751e8b465ee728b)  -> (artifact id: '2486cf1a0eb990e1a97b0aa27dd86dcb') in 0.015488 seconds
  Import took 0.018704 seconds .

========================================================================
Received Import Request.
  Time since last request: 0.000795 seconds.
  path: Assets/Asset Store/StarfieldMaterials/Textures/SingleNeb/SingleNeb_08.png
  artifactKey: Guid(4c1e43d371432ae4987708c889515593) Importer(815301076,1909f56bfc062723c751e8b465ee728b)
Start importing Assets/Asset Store/StarfieldMaterials/Textures/SingleNeb/SingleNeb_08.png using Guid(4c1e43d371432ae4987708c889515593) Importer(815301076,1909f56bfc062723c751e8b465ee728b)  -> (artifact id: '2486cf1a0eb990e1a97b0aa27dd86dcb') in 0.012001 seconds
  Import took 0.014423 seconds .

========================================================================
Received Import Request.
  Time since last request: 0.375389 seconds.
  path: Assets/Asset Store/StarfieldMaterials/Textures/SingleNeb/SingleNeb_09.png
  artifactKey: Guid(1a0be4ce8ad331141b7759d94dac84f1) Importer(815301076,1909f56bfc062723c751e8b465ee728b)
Start importing Assets/Asset Store/StarfieldMaterials/Textures/SingleNeb/SingleNeb_09.png using Guid(1a0be4ce8ad331141b7759d94dac84f1) Importer(815301076,1909f56bfc062723c751e8b465ee728b)  -> (artifact id: '29ee1beb5ce5f6b1bb8c6e6f92bf8aa0') in 0.016972 seconds
  Import took 0.024621 seconds .

========================================================================
Received Import Request.
  Time since last request: 0.939779 seconds.
  path: Assets/Asset Store/StarfieldMaterials/Textures/SingleNeb/SingleNeb_03.png
  artifactKey: Guid(1987bbe697e48644e83c89f4defc77a2) Importer(815301076,1909f56bfc062723c751e8b465ee728b)
Start importing Assets/Asset Store/StarfieldMaterials/Textures/SingleNeb/SingleNeb_03.png using Guid(1987bbe697e48644e83c89f4defc77a2) Importer(815301076,1909f56bfc062723c751e8b465ee728b)  -> (artifact id: 'bbdcebc16ae9df04ec89cc6ad65ff43e') in 0.014109 seconds
  Import took 0.016231 seconds .

========================================================================
Received Import Request.
  Time since last request: 0.002441 seconds.
  path: Assets/Asset Store/StarfieldMaterials/Textures/SingleNeb/SingleNeb_03.png
  artifactKey: Guid(1987bbe697e48644e83c89f4defc77a2) Importer(815301076,1909f56bfc062723c751e8b465ee728b)
Start importing Assets/Asset Store/StarfieldMaterials/Textures/SingleNeb/SingleNeb_03.png using Guid(1987bbe697e48644e83c89f4defc77a2) Importer(815301076,1909f56bfc062723c751e8b465ee728b)  -> (artifact id: 'bbdcebc16ae9df04ec89cc6ad65ff43e') in 0.012361 seconds
  Import took 0.014395 seconds .

========================================================================
Received Import Request.
  Time since last request: 1.574307 seconds.
  path: Assets/Asset Store/StarfieldMaterials/Textures/SingleNeb/SingleNeb_02.png
  artifactKey: Guid(7948a5d3ead01f4479a143b7953e0961) Importer(815301076,1909f56bfc062723c751e8b465ee728b)
Start importing Assets/Asset Store/StarfieldMaterials/Textures/SingleNeb/SingleNeb_02.png using Guid(7948a5d3ead01f4479a143b7953e0961) Importer(815301076,1909f56bfc062723c751e8b465ee728b)  -> (artifact id: '84faa05bffbdbf95881294a5bca14223') in 0.013980 seconds
  Import took 0.016263 seconds .

========================================================================
Received Import Request.
  Time since last request: 0.561542 seconds.
  path: Assets/Asset Store/StarfieldMaterials/Textures/SingleNeb/SingleNeb_05.png
  artifactKey: Guid(bec00bfeb5521ff48b28ac4df811d531) Importer(815301076,1909f56bfc062723c751e8b465ee728b)
Start importing Assets/Asset Store/StarfieldMaterials/Textures/SingleNeb/SingleNeb_05.png using Guid(bec00bfeb5521ff48b28ac4df811d531) Importer(815301076,1909f56bfc062723c751e8b465ee728b)  -> (artifact id: '1f2ab03c62a6e46c5973f63087f56575') in 0.014191 seconds
  Import took 0.016353 seconds .

========================================================================
Received Import Request.
  Time since last request: 0.001464 seconds.
  path: Assets/Asset Store/StarfieldMaterials/Textures/SingleNeb/SingleNeb_05.png
  artifactKey: Guid(bec00bfeb5521ff48b28ac4df811d531) Importer(815301076,1909f56bfc062723c751e8b465ee728b)
Start importing Assets/Asset Store/StarfieldMaterials/Textures/SingleNeb/SingleNeb_05.png using Guid(bec00bfeb5521ff48b28ac4df811d531) Importer(815301076,1909f56bfc062723c751e8b465ee728b)  -> (artifact id: '1f2ab03c62a6e46c5973f63087f56575') in 0.015948 seconds
  Import took 0.018162 seconds .

========================================================================
Received Import Request.
  Time since last request: 120.918363 seconds.
  path: Assets/Asset Store/StarfieldMaterials
  artifactKey: Guid(8efe4c1631556a54196a0b75a9b71bdf) Importer(815301076,1909f56bfc062723c751e8b465ee728b)
Start importing Assets/Asset Store/StarfieldMaterials using Guid(8efe4c1631556a54196a0b75a9b71bdf) Importer(815301076,1909f56bfc062723c751e8b465ee728b)  -> (artifact id: '8b9c903767a80d10b06ccb282ecba6fc') in 0.006709 seconds
  Import took 0.009158 seconds .

========================================================================
Received Import Request.
  Time since last request: 31.835672 seconds.
  path: Assets/TextMesh Pro/Fonts/LiberationSans.ttf
  artifactKey: Guid(e3265ab4bf004d28a9537516768c1c75) Importer(815301076,1909f56bfc062723c751e8b465ee728b)
Start importing Assets/TextMesh Pro/Fonts/LiberationSans.ttf using Guid(e3265ab4bf004d28a9537516768c1c75) Importer(815301076,1909f56bfc062723c751e8b465ee728b)  -> (artifact id: 'bdddd331c3f1b7826858a8d92db67e39') in 0.082219 seconds
  Import took 0.084506 seconds .

========================================================================
Received Import Request.
  Time since last request: 0.000186 seconds.
  path: Assets/TextMesh Pro/Resources/Fonts & Materials/LiberationSans SDF - Outline.mat
  artifactKey: Guid(79459efec17a4d00a321bdcc27bbc385) Importer(815301076,1909f56bfc062723c751e8b465ee728b)
Start importing Assets/TextMesh Pro/Resources/Fonts & Materials/LiberationSans SDF - Outline.mat using Guid(79459efec17a4d00a321bdcc27bbc385) Importer(815301076,1909f56bfc062723c751e8b465ee728b)  -> (artifact id: '289988fcecf3b00d1602f8d2b589f7dd') in 0.039944 seconds
  Import took 0.042101 seconds .

========================================================================
Received Import Request.
  Time since last request: 0.000153 seconds.
  path: Assets/TextMesh Pro/Resources/Fonts & Materials/LiberationSans SDF - Fallback.asset
  artifactKey: Guid(2e498d1c8094910479dc3e1b768306a4) Importer(815301076,1909f56bfc062723c751e8b465ee728b)
Start importing Assets/TextMesh Pro/Resources/Fonts & Materials/LiberationSans SDF - Fallback.asset using Guid(2e498d1c8094910479dc3e1b768306a4) Importer(815301076,1909f56bfc062723c751e8b465ee728b)  -> (artifact id: 'd6c9236b56c6643bc80a9314dc70066e') in 0.042072 seconds
  Import took 0.044428 seconds .

========================================================================
Received Import Request.
  Time since last request: 0.000153 seconds.
  path: Assets/TextMesh Pro/Resources/Fonts & Materials/LiberationSans SDF - Drop Shadow.mat
  artifactKey: Guid(e73a58f6e2794ae7b1b7e50b7fb811b0) Importer(815301076,1909f56bfc062723c751e8b465ee728b)
Start importing Assets/TextMesh Pro/Resources/Fonts & Materials/LiberationSans SDF - Drop Shadow.mat using Guid(e73a58f6e2794ae7b1b7e50b7fb811b0) Importer(815301076,1909f56bfc062723c751e8b465ee728b)  -> (artifact id: 'ca0d2861f60500f05bd29199894f7bb5') in 0.027770 seconds
  Import took 0.029953 seconds .

========================================================================
Received Import Request.
  Time since last request: 0.000287 seconds.
  path: Assets/TextMesh Pro/Resources/Fonts & Materials/LiberationSans SDF.asset
  artifactKey: Guid(8f586378b4e144a9851e7b34d9b748ee) Importer(815301076,1909f56bfc062723c751e8b465ee728b)
Start importing Assets/TextMesh Pro/Resources/Fonts & Materials/LiberationSans SDF.asset using Guid(8f586378b4e144a9851e7b34d9b748ee) Importer(815301076,1909f56bfc062723c751e8b465ee728b)  -> (artifact id: 'f1280cc7be10b532b2897fc8654f95d3') in 0.035853 seconds
  Import took 0.038129 seconds .

========================================================================
Received Import Request.
  Time since last request: 326.281094 seconds.
  path: Assets/farback.psd
  artifactKey: Guid(7e17dba72e4e26545a71fcd3f07701fb) Importer(815301076,1909f56bfc062723c751e8b465ee728b)
Start importing Assets/farback.psd using Guid(7e17dba72e4e26545a71fcd3f07701fb) Importer(815301076,1909f56bfc062723c751e8b465ee728b)  -> (artifact id: 'f6830f24a9f4f2065dc53e0c16f2c678') in 0.017674 seconds
  Import took 0.020215 seconds .

========================================================================
Received Import Request.
  Time since last request: 8.675605 seconds.
  path: Assets/Materials
  artifactKey: Guid(dd13e710a42533c4b81753e77eee7fde) Importer(815301076,1909f56bfc062723c751e8b465ee728b)
Start importing Assets/Materials using Guid(dd13e710a42533c4b81753e77eee7fde) Importer(815301076,1909f56bfc062723c751e8b465ee728b)  -> (artifact id: '942375b731e1d93eb9185c5834b5b17b') in 0.006949 seconds
  Import took 0.009528 seconds .

========================================================================
Received Import Request.
  Time since last request: 454.001841 seconds.
  path: Assets/2217435.jpg
  artifactKey: Guid(4abb33a1f370f3245b33edd7047d98a2) Importer(815301076,1909f56bfc062723c751e8b465ee728b)
Start importing Assets/2217435.jpg using Guid(4abb33a1f370f3245b33edd7047d98a2) Importer(815301076,1909f56bfc062723c751e8b465ee728b)  -> (artifact id: 'eddf5c64e0e308b7c95ed550f0c75e93') in 0.018908 seconds
  Import took 0.021800 seconds .

========================================================================
Received Import Request.
  Time since last request: 69.913531 seconds.
  path: Assets/2217435.jpg
  artifactKey: Guid(4abb33a1f370f3245b33edd7047d98a2) Importer(815301076,1909f56bfc062723c751e8b465ee728b)
Start importing Assets/2217435.jpg using Guid(4abb33a1f370f3245b33edd7047d98a2) Importer(815301076,1909f56bfc062723c751e8b465ee728b)  -> (artifact id: 'dc43f0806d55795c1ab4200d4b8e7eef') in 0.022384 seconds
  Import took 0.024767 seconds .

========================================================================
Received Import Request.
  Time since last request: 0.041886 seconds.
  path: Assets/2217435.jpg
  artifactKey: Guid(4abb33a1f370f3245b33edd7047d98a2) Importer(815301076,1909f56bfc062723c751e8b465ee728b)
Start importing Assets/2217435.jpg using Guid(4abb33a1f370f3245b33edd7047d98a2) Importer(815301076,1909f56bfc062723c751e8b465ee728b)  -> (artifact id: 'dc43f0806d55795c1ab4200d4b8e7eef') in 0.016231 seconds
  Import took 0.018402 seconds .

========================================================================
Received Prepare
Registering precompiled user dll's ...
Registered in 0.002557 seconds.
Begin MonoManager ReloadAssembly
Native extension for WindowsStandalone target not found
Native extension for WebGL target not found
Refreshing native plugins compatible for Editor in 0.29 ms, found 2 plugins.
Preloading 0 native plugins for Editor in 0.00 ms.
Mono: successfully reloaded assembly
- Completed reload, in  0.868 seconds
Platform modules already initialized, skipping
Refreshing native plugins compatible for Editor in 0.28 ms, found 2 plugins.
Preloading 0 native plugins for Editor in 0.00 ms.
Unloading 1396 Unused Serialized files (Serialized files now loaded: 0)
System memory in use before: 70.2 MB.
System memory in use after: 69.7 MB.

Unloading 26 unused Assets to reduce memory usage. Loaded Objects now: 1895.
Total: 2.036400 ms (FindLiveObjects: 0.137000 ms CreateObjectMapping: 0.039800 ms MarkObjects: 1.580400 ms  DeleteObjects: 0.278100 ms)

========================================================================
Received Import Request.
  Time since last request: 189.479474 seconds.
  path: Assets/Background.jpg
  artifactKey: Guid(4abb33a1f370f3245b33edd7047d98a2) Importer(815301076,1909f56bfc062723c751e8b465ee728b)
Start importing Assets/Background.jpg using Guid(4abb33a1f370f3245b33edd7047d98a2) Importer(815301076,1909f56bfc062723c751e8b465ee728b)  -> (artifact id: 'd4c8f31998c18e93b967581cfed094da') in 0.048597 seconds
  Import took 0.050980 seconds .

========================================================================
Received Prepare
Registering precompiled user dll's ...
Registered in 0.002489 seconds.
Begin MonoManager ReloadAssembly
Native extension for WindowsStandalone target not found
Native extension for WebGL target not found
Refreshing native plugins compatible for Editor in 0.30 ms, found 2 plugins.
Preloading 0 native plugins for Editor in 0.00 ms.
Mono: successfully reloaded assembly
- Completed reload, in  0.876 seconds
Platform modules already initialized, skipping
Refreshing native plugins compatible for Editor in 0.41 ms, found 2 plugins.
Preloading 0 native plugins for Editor in 0.00 ms.
Unloading 1395 Unused Serialized files (Serialized files now loaded: 0)
System memory in use before: 70.1 MB.
System memory in use after: 69.6 MB.

Unloading 26 unused Assets to reduce memory usage. Loaded Objects now: 1899.
Total: 1.902600 ms (FindLiveObjects: 0.135200 ms CreateObjectMapping: 0.040800 ms MarkObjects: 1.440600 ms  DeleteObjects: 0.285100 ms)

