Using pre-set license
Built from '2020.3/staging' branch; Version is '2020.3.11f1 (99c7afb366b3) revision 10078127'; Using compiler version '192528614'; Build Type 'Release'
OS: 'Windows 10 Pro; OS build 19042.1052; Version 2009; 64bit' Language: 'ru' Physical Memory: 16303 MB
BatchMode: 1, IsHumanControllingUs: 0, StartBugReporterOnCrash: 0, Is64bit: 1, IsPro: 0

 COMMAND LINE ARGUMENTS:
C:\Program Files\Unity\Hub\Editor\2020.3.11f1\Editor\Unity.exe
-adb2
-batchMode
-noUpm
-name
AssetImportWorker1
-projectPath
D:/Docs/Git/Programming-Theory-Repo/Programming Theory Project
-logFile
Logs/AssetImportWorker1.log
-srvPort
52825
Successfully changed project path to: D:/Docs/Git/Programming-Theory-Repo/Programming Theory Project
D:/Docs/Git/Programming-Theory-Repo/Programming Theory Project
Using Asset Import Pipeline V2.
Refreshing native plugins compatible for Editor in 27.00 ms, found 2 plugins.
Preloading 0 native plugins for Editor in 0.00 ms.
Initialize engine version: 2020.3.11f1 (99c7afb366b3)
[Subsystems] Discovering subsystems at path C:/Program Files/Unity/Hub/Editor/2020.3.11f1/Editor/Data/Resources/UnitySubsystems
[Subsystems] Discovering subsystems at path D:/Docs/Git/Programming-Theory-Repo/Programming Theory Project/Assets
GfxDevice: creating device client; threaded=0
Direct3D:
    Version:  Direct3D 11.0 [level 11.1]
    Renderer: NVIDIA GeForce GTX 1660 (ID=0x2184)
    Vendor:   
    VRAM:     5991 MB
    Driver:   30.0.14.7111
Initialize mono
Mono path[0] = 'C:/Program Files/Unity/Hub/Editor/2020.3.11f1/Editor/Data/Managed'
Mono path[1] = 'C:/Program Files/Unity/Hub/Editor/2020.3.11f1/Editor/Data/MonoBleedingEdge/lib/mono/unityjit'
Mono config path = 'C:/Program Files/Unity/Hub/Editor/2020.3.11f1/Editor/Data/MonoBleedingEdge/etc'
Using monoOptions --debugger-agent=transport=dt_socket,embedding=1,server=y,suspend=n,address=127.0.0.1:56464
Begin MonoManager ReloadAssembly
Registering precompiled unity dll's ...
Register platform support module: C:/Program Files/Unity/Hub/Editor/2020.3.11f1/Editor/Data/PlaybackEngines/WebGLSupport/UnityEditor.WebGL.Extensions.dll
Register platform support module: C:/Program Files/Unity/Hub/Editor/2020.3.11f1/Editor/Data/PlaybackEngines/WindowsStandaloneSupport/UnityEditor.WindowsStandalone.Extensions.dll
Registered in 0.002374 seconds.
Native extension for WindowsStandalone target not found
Native extension for WebGL target not found
Refreshing native plugins compatible for Editor in 26.62 ms, found 2 plugins.
Preloading 0 native plugins for Editor in 0.00 ms.
Mono: successfully reloaded assembly
- Completed reload, in  1.227 seconds
Platform modules already initialized, skipping
Registering precompiled user dll's ...
Registered in 0.002529 seconds.
Begin MonoManager ReloadAssembly
Native extension for WindowsStandalone target not found
Native extension for WebGL target not found
Refreshing native plugins compatible for Editor in 0.29 ms, found 2 plugins.
Preloading 0 native plugins for Editor in 0.00 ms.
Mono: successfully reloaded assembly
- Completed reload, in  0.960 seconds
Platform modules already initialized, skipping
========================================================================
Worker process is ready to serve import requests
Launched and connected shader compiler UnityShaderCompiler.exe after 0.04 seconds
Refreshing native plugins compatible for Editor in 0.30 ms, found 2 plugins.
Preloading 0 native plugins for Editor in 0.00 ms.
Unloading 1408 Unused Serialized files (Serialized files now loaded: 0)
System memory in use before: 67.3 MB.
System memory in use after: 67.4 MB.

Unloading 18 unused Assets to reduce memory usage. Loaded Objects now: 1844.
Total: 1.933600 ms (FindLiveObjects: 0.178300 ms CreateObjectMapping: 0.049200 ms MarkObjects: 1.639200 ms  DeleteObjects: 0.065900 ms)

========================================================================
Received Import Request.
  path: Assets/Prefabs/Asteroid.prefab
  artifactKey: Guid(ffeb890be0c4099499885859b728ad47) Importer(815301076,1909f56bfc062723c751e8b465ee728b)
Start importing Assets/Prefabs/Asteroid.prefab using Guid(ffeb890be0c4099499885859b728ad47) Importer(815301076,1909f56bfc062723c751e8b465ee728b)  -> (artifact id: '4136221c43eedb70b6fac693e07c8521') in 0.106180 seconds
  Import took 0.108659 seconds .

========================================================================
Received Import Request.
  Time since last request: 0.000188 seconds.
  path: Assets/Prefabs/Enemy 1.prefab
  artifactKey: Guid(a5a11febd6555ed41a596839d2810d2c) Importer(815301076,1909f56bfc062723c751e8b465ee728b)
Start importing Assets/Prefabs/Enemy 1.prefab using Guid(a5a11febd6555ed41a596839d2810d2c) Importer(815301076,1909f56bfc062723c751e8b465ee728b)  -> (artifact id: '8dc6e86e787b99cc9c5f2b67cfea82ab') in 0.018707 seconds
  Import took 0.021325 seconds .

========================================================================
Received Import Request.
  Time since last request: 28.917969 seconds.
  path: Assets/Scenes/Menu.unity
  artifactKey: Guid(e771a6c081476864ebb6ddb26dec5b30) Importer(815301076,1909f56bfc062723c751e8b465ee728b)
Start importing Assets/Scenes/Menu.unity using Guid(e771a6c081476864ebb6ddb26dec5b30) Importer(815301076,1909f56bfc062723c751e8b465ee728b)  -> (artifact id: 'e291a3307c2b02746711bf0e18cb3587') in 0.002823 seconds
  Import took 0.005156 seconds .

========================================================================
Received Prepare
Registering precompiled user dll's ...
Registered in 0.002508 seconds.
Begin MonoManager ReloadAssembly
Native extension for WindowsStandalone target not found
Native extension for WebGL target not found
Refreshing native plugins compatible for Editor in 0.31 ms, found 2 plugins.
Preloading 0 native plugins for Editor in 0.00 ms.
Mono: successfully reloaded assembly
- Completed reload, in  0.919 seconds
Platform modules already initialized, skipping
Refreshing native plugins compatible for Editor in 0.30 ms, found 2 plugins.
Preloading 0 native plugins for Editor in 0.00 ms.
Unloading 1390 Unused Serialized files (Serialized files now loaded: 0)
System memory in use before: 69.1 MB.
System memory in use after: 69.2 MB.

Unloading 14 unused Assets to reduce memory usage. Loaded Objects now: 1854.
Total: 1.591400 ms (FindLiveObjects: 0.125700 ms CreateObjectMapping: 0.040900 ms MarkObjects: 1.381800 ms  DeleteObjects: 0.042100 ms)

========================================================================
Received Import Request.
  Time since last request: 856.581601 seconds.
  path: Assets/Scenes/Main.unity
  artifactKey: Guid(0b4fd75c5c14eab4fa55d2a16da471fb) Importer(815301076,1909f56bfc062723c751e8b465ee728b)
Start importing Assets/Scenes/Main.unity using Guid(0b4fd75c5c14eab4fa55d2a16da471fb) Importer(815301076,1909f56bfc062723c751e8b465ee728b)  -> (artifact id: 'e70e36109e22b109954bdc7b8ca560c4') in 0.017886 seconds
  Import took 0.020927 seconds .

========================================================================
Received Import Request.
  Time since last request: 247.174300 seconds.
  path: Assets/Scripts/PanelDisappearing.cs
  artifactKey: Guid(5c17d8be8cce22d4da78b872a2c9d19e) Importer(815301076,1909f56bfc062723c751e8b465ee728b)
Start importing Assets/Scripts/PanelDisappearing.cs using Guid(5c17d8be8cce22d4da78b872a2c9d19e) Importer(815301076,1909f56bfc062723c751e8b465ee728b)  -> (artifact id: '6106d0a5169d67b366fdbb8c7003e1e0') in 0.009008 seconds
  Import took 0.011335 seconds .

========================================================================
Received Prepare
Registering precompiled user dll's ...
Registered in 0.002560 seconds.
Begin MonoManager ReloadAssembly
Native extension for WindowsStandalone target not found
Native extension for WebGL target not found
Refreshing native plugins compatible for Editor in 0.31 ms, found 2 plugins.
Preloading 0 native plugins for Editor in 0.00 ms.
Mono: successfully reloaded assembly
- Completed reload, in  0.938 seconds
Platform modules already initialized, skipping
Refreshing native plugins compatible for Editor in 0.29 ms, found 2 plugins.
Preloading 0 native plugins for Editor in 0.00 ms.
Unloading 1391 Unused Serialized files (Serialized files now loaded: 0)
System memory in use before: 69.2 MB.
System memory in use after: 69.3 MB.

Unloading 14 unused Assets to reduce memory usage. Loaded Objects now: 1858.
Total: 1.664100 ms (FindLiveObjects: 0.135800 ms CreateObjectMapping: 0.036800 ms MarkObjects: 1.441800 ms  DeleteObjects: 0.048900 ms)

AssetImportWorkerClient::OnTransportError - code=2 error=End of file
